<?xml version="1.0" encoding="UTF-8"?>
<testsuite xmlns:xsi="http://www.w3.org/2001/XMLSchema-instance" xsi:noNamespaceSchemaLocation="https://maven.apache.org/surefire/maven-surefire-plugin/xsd/surefire-test-report-3.0.xsd" version="3.0" name="york.eecs.ErrorTest0" time="0.087" tests="10" errors="10" skipped="0" failures="0">
  <properties>
[...]
</properties>
  <testcase name="test01" classname="york.eecs.ErrorTest0" time="0.038">
    <error type="java.lang.NullPointerException"><![CDATA[java.lang.NullPointerException: Cannot invoke "observer.ParkingLot.getId()" because "this.parkingLot" is null
	at york.eecs.ErrorTest0.test01(ErrorTest0.java:29)
]]></error>
  </testcase>
  <testcase name="test02" classname="york.eecs.ErrorTest0" time="0.001">
    <error type="java.lang.NullPointerException"><![CDATA[java.lang.NullPointerException: Cannot invoke "observer.ParkingLot.getId()" because "this.parkingLot" is null
	at york.eecs.ErrorTest0.test02(ErrorTest0.java:40)
]]></error>
  </testcase>
  <testcase name="test03" classname="york.eecs.ErrorTest0" time="0.001">
    <error type="java.lang.NullPointerException"><![CDATA[java.lang.NullPointerException: Cannot invoke "observer.ParkingLot.getId()" because "this.parkingLot" is null
	at york.eecs.ErrorTest0.test03(ErrorTest0.java:51)
]]></error>
  </testcase>
  <testcase name="test04" classname="york.eecs.ErrorTest0" time="0.001">
    <error type="java.lang.NullPointerException"><![CDATA[java.lang.NullPointerException: Cannot invoke "observer.ParkingLot.getId()" because "this.parkingLot" is null
	at york.eecs.ErrorTest0.test04(ErrorTest0.java:68)
]]></error>
  </testcase>
  <testcase name="test05" classname="york.eecs.ErrorTest0" time="0.001">
    <error type="java.lang.NullPointerException"><![CDATA[java.lang.NullPointerException: Cannot invoke "observer.ParkingLot.getId()" because "this.parkingLot" is null
	at york.eecs.ErrorTest0.test05(ErrorTest0.java:81)
]]></error>
  </testcase>
  <testcase name="test06" classname="york.eecs.ErrorTest0" time="0.002">
    <error type="java.lang.NullPointerException"><![CDATA[java.lang.NullPointerException: Cannot invoke "observer.ParkingLot.getId()" because "this.parkingLot" is null
	at york.eecs.ErrorTest0.test06(ErrorTest0.java:92)
]]></error>
  </testcase>
  <testcase name="test07" classname="york.eecs.ErrorTest0" time="0.001">
    <error type="java.lang.NullPointerException"><![CDATA[java.lang.NullPointerException: Cannot invoke "observer.ParkingLot.getId()" because "this.parkingLot" is null
	at york.eecs.ErrorTest0.test07(ErrorTest0.java:105)
]]></error>
  </testcase>
  <testcase name="test08" classname="york.eecs.ErrorTest0" time="0">
    <error type="java.lang.NullPointerException"><![CDATA[java.lang.NullPointerException: Cannot invoke "observer.ParkingLot.getId()" because "this.parkingLot" is null
	at york.eecs.ErrorTest0.test08(ErrorTest0.java:119)
]]></error>
  </testcase>
  <testcase name="test09" classname="york.eecs.ErrorTest0" time="0.001">
    <error type="java.lang.NullPointerException"><![CDATA[java.lang.NullPointerException: Cannot invoke "observer.ParkingLot.getId()" because "this.parkingLot" is null
	at york.eecs.ErrorTest0.test09(ErrorTest0.java:131)
]]></error>
  </testcase>
  <testcase name="test10" classname="york.eecs.ErrorTest0" time="0.002">
    <error type="java.lang.NullPointerException"><![CDATA[java.lang.NullPointerException: Cannot invoke "observer.ParkingLot.getId()" because "this.parkingLot" is null
	at york.eecs.ErrorTest0.test10(ErrorTest0.java:144)
]]></error>
  </testcase>
</testsuite>