<?xml version="1.0" encoding="UTF-8"?>
<testsuite xmlns:xsi="http://www.w3.org/2001/XMLSchema-instance" xsi:noNamespaceSchemaLocation="https://maven.apache.org/surefire/maven-surefire-plugin/xsd/surefire-test-report-3.0.xsd" version="3.0" name="york.eecs.RegressionTest0" time="0.49" tests="500" errors="0" skipped="0" failures="0">
  <properties>
[...]
</properties>
  <testcase name="test0001" classname="york.eecs.RegressionTest0" time="0.039"/>
  <testcase name="test0002" classname="york.eecs.RegressionTest0" time="0.004"/>
  <testcase name="test0003" classname="york.eecs.RegressionTest0" time="0.001"/>
  <testcase name="test0004" classname="york.eecs.RegressionTest0" time="0"/>
  <testcase name="test0005" classname="york.eecs.RegressionTest0" time="0"/>
  <testcase name="test0006" classname="york.eecs.RegressionTest0" time="0.001"/>
  <testcase name="test0007" classname="york.eecs.RegressionTest0" time="0.001"/>
  <testcase name="test0008" classname="york.eecs.RegressionTest0" time="0.003"/>
  <testcase name="test0009" classname="york.eecs.RegressionTest0" time="0.001"/>
  <testcase name="test0010" classname="york.eecs.RegressionTest0" time="0.003"/>
  <testcase name="test0011" classname="york.eecs.RegressionTest0" time="0"/>
  <testcase name="test0012" classname="york.eecs.RegressionTest0" time="0"/>
  <testcase name="test0013" classname="york.eecs.RegressionTest0" time="0"/>
  <testcase name="test0014" classname="york.eecs.RegressionTest0" time="0.001"/>
  <testcase name="test0015" classname="york.eecs.RegressionTest0" time="0.002"/>
  <testcase name="test0016" classname="york.eecs.RegressionTest0" time="0.001"/>
  <testcase name="test0017" classname="york.eecs.RegressionTest0" time="0.001"/>
  <testcase name="test0018" classname="york.eecs.RegressionTest0" time="0.001"/>
  <testcase name="test0019" classname="york.eecs.RegressionTest0" time="0.002"/>
  <testcase name="test0020" classname="york.eecs.RegressionTest0" time="0.001"/>
  <testcase name="test0021" classname="york.eecs.RegressionTest0" time="0.001"/>
  <testcase name="test0022" classname="york.eecs.RegressionTest0" time="0.002"/>
  <testcase name="test0023" classname="york.eecs.RegressionTest0" time="0.001"/>
  <testcase name="test0024" classname="york.eecs.RegressionTest0" time="0.001"/>
  <testcase name="test0025" classname="york.eecs.RegressionTest0" time="0.001"/>
  <testcase name="test0026" classname="york.eecs.RegressionTest0" time="0"/>
  <testcase name="test0027" classname="york.eecs.RegressionTest0" time="0"/>
  <testcase name="test0028" classname="york.eecs.RegressionTest0" time="0.001"/>
  <testcase name="test0029" classname="york.eecs.RegressionTest0" time="0"/>
  <testcase name="test0030" classname="york.eecs.RegressionTest0" time="0"/>
  <testcase name="test0031" classname="york.eecs.RegressionTest0" time="0.001"/>
  <testcase name="test0032" classname="york.eecs.RegressionTest0" time="0.001"/>
  <testcase name="test0033" classname="york.eecs.RegressionTest0" time="0"/>
  <testcase name="test0034" classname="york.eecs.RegressionTest0" time="0"/>
  <testcase name="test0035" classname="york.eecs.RegressionTest0" time="0"/>
  <testcase name="test0036" classname="york.eecs.RegressionTest0" time="0.001"/>
  <testcase name="test0037" classname="york.eecs.RegressionTest0" time="0.001"/>
  <testcase name="test0038" classname="york.eecs.RegressionTest0" time="0.001"/>
  <testcase name="test0039" classname="york.eecs.RegressionTest0" time="0"/>
  <testcase name="test0040" classname="york.eecs.RegressionTest0" time="0"/>
  <testcase name="test0041" classname="york.eecs.RegressionTest0" time="0.001"/>
  <testcase name="test0042" classname="york.eecs.RegressionTest0" time="0.001"/>
  <testcase name="test0043" classname="york.eecs.RegressionTest0" time="0.001"/>
  <testcase name="test0044" classname="york.eecs.RegressionTest0" time="0"/>
  <testcase name="test0045" classname="york.eecs.RegressionTest0" time="0"/>
  <testcase name="test0046" classname="york.eecs.RegressionTest0" time="0.001"/>
  <testcase name="test0047" classname="york.eecs.RegressionTest0" time="0.001"/>
  <testcase name="test0048" classname="york.eecs.RegressionTest0" time="0"/>
  <testcase name="test0049" classname="york.eecs.RegressionTest0" time="0"/>
  <testcase name="test0050" classname="york.eecs.RegressionTest0" time="0.001"/>
  <testcase name="test0051" classname="york.eecs.RegressionTest0" time="0"/>
  <testcase name="test0052" classname="york.eecs.RegressionTest0" time="0.001"/>
  <testcase name="test0053" classname="york.eecs.RegressionTest0" time="0"/>
  <testcase name="test0054" classname="york.eecs.RegressionTest0" time="0"/>
  <testcase name="test0055" classname="york.eecs.RegressionTest0" time="0.001"/>
  <testcase name="test0056" classname="york.eecs.RegressionTest0" time="0"/>
  <testcase name="test0057" classname="york.eecs.RegressionTest0" time="0"/>
  <testcase name="test0058" classname="york.eecs.RegressionTest0" time="0.001"/>
  <testcase name="test0059" classname="york.eecs.RegressionTest0" time="0"/>
  <testcase name="test0060" classname="york.eecs.RegressionTest0" time="0.001"/>
  <testcase name="test0061" classname="york.eecs.RegressionTest0" time="0"/>
  <testcase name="test0062" classname="york.eecs.RegressionTest0" time="0.002"/>
  <testcase name="test0063" classname="york.eecs.RegressionTest0" time="0.001"/>
  <testcase name="test0064" classname="york.eecs.RegressionTest0" time="0"/>
  <testcase name="test0065" classname="york.eecs.RegressionTest0" time="0"/>
  <testcase name="test0066" classname="york.eecs.RegressionTest0" time="0.001"/>
  <testcase name="test0067" classname="york.eecs.RegressionTest0" time="0"/>
  <testcase name="test0068" classname="york.eecs.RegressionTest0" time="0.001"/>
  <testcase name="test0069" classname="york.eecs.RegressionTest0" time="0.001"/>
  <testcase name="test0070" classname="york.eecs.RegressionTest0" time="0"/>
  <testcase name="test0071" classname="york.eecs.RegressionTest0" time="0"/>
  <testcase name="test0072" classname="york.eecs.RegressionTest0" time="0"/>
  <testcase name="test0073" classname="york.eecs.RegressionTest0" time="0"/>
  <testcase name="test0074" classname="york.eecs.RegressionTest0" time="0"/>
  <testcase name="test0075" classname="york.eecs.RegressionTest0" time="0"/>
  <testcase name="test0076" classname="york.eecs.RegressionTest0" time="0"/>
  <testcase name="test0077" classname="york.eecs.RegressionTest0" time="0.002"/>
  <testcase name="test0078" classname="york.eecs.RegressionTest0" time="0"/>
  <testcase name="test0079" classname="york.eecs.RegressionTest0" time="0"/>
  <testcase name="test0080" classname="york.eecs.RegressionTest0" time="0.001"/>
  <testcase name="test0081" classname="york.eecs.RegressionTest0" time="0.001"/>
  <testcase name="test0082" classname="york.eecs.RegressionTest0" time="0"/>
  <testcase name="test0083" classname="york.eecs.RegressionTest0" time="0"/>
  <testcase name="test0084" classname="york.eecs.RegressionTest0" time="0"/>
  <testcase name="test0085" classname="york.eecs.RegressionTest0" time="0.001"/>
  <testcase name="test0086" classname="york.eecs.RegressionTest0" time="0.001"/>
  <testcase name="test0087" classname="york.eecs.RegressionTest0" time="0.001"/>
  <testcase name="test0088" classname="york.eecs.RegressionTest0" time="0"/>
  <testcase name="test0089" classname="york.eecs.RegressionTest0" time="0"/>
  <testcase name="test0090" classname="york.eecs.RegressionTest0" time="0.001"/>
  <testcase name="test0091" classname="york.eecs.RegressionTest0" time="0.001"/>
  <testcase name="test0092" classname="york.eecs.RegressionTest0" time="0"/>
  <testcase name="test0093" classname="york.eecs.RegressionTest0" time="0"/>
  <testcase name="test0094" classname="york.eecs.RegressionTest0" time="0.001"/>
  <testcase name="test0095" classname="york.eecs.RegressionTest0" time="0.001"/>
  <testcase name="test0096" classname="york.eecs.RegressionTest0" time="0.001"/>
  <testcase name="test0097" classname="york.eecs.RegressionTest0" time="0.001"/>
  <testcase name="test0098" classname="york.eecs.RegressionTest0" time="0"/>
  <testcase name="test0099" classname="york.eecs.RegressionTest0" time="0"/>
  <testcase name="test0100" classname="york.eecs.RegressionTest0" time="0.001"/>
  <testcase name="test0101" classname="york.eecs.RegressionTest0" time="0.001"/>
  <testcase name="test0102" classname="york.eecs.RegressionTest0" time="0.001"/>
  <testcase name="test0103" classname="york.eecs.RegressionTest0" time="0.001"/>
  <testcase name="test0104" classname="york.eecs.RegressionTest0" time="0"/>
  <testcase name="test0105" classname="york.eecs.RegressionTest0" time="0"/>
  <testcase name="test0106" classname="york.eecs.RegressionTest0" time="0"/>
  <testcase name="test0107" classname="york.eecs.RegressionTest0" time="0.001"/>
  <testcase name="test0108" classname="york.eecs.RegressionTest0" time="0.001"/>
  <testcase name="test0109" classname="york.eecs.RegressionTest0" time="0"/>
  <testcase name="test0110" classname="york.eecs.RegressionTest0" time="0.001"/>
  <testcase name="test0111" classname="york.eecs.RegressionTest0" time="0"/>
  <testcase name="test0112" classname="york.eecs.RegressionTest0" time="0.001"/>
  <testcase name="test0113" classname="york.eecs.RegressionTest0" time="0.001"/>
  <testcase name="test0114" classname="york.eecs.RegressionTest0" time="0.001"/>
  <testcase name="test0115" classname="york.eecs.RegressionTest0" time="0.001"/>
  <testcase name="test0116" classname="york.eecs.RegressionTest0" time="0.001"/>
  <testcase name="test0117" classname="york.eecs.RegressionTest0" time="0"/>
  <testcase name="test0118" classname="york.eecs.RegressionTest0" time="0"/>
  <testcase name="test0119" classname="york.eecs.RegressionTest0" time="0"/>
  <testcase name="test0120" classname="york.eecs.RegressionTest0" time="0.002"/>
  <testcase name="test0121" classname="york.eecs.RegressionTest0" time="0"/>
  <testcase name="test0122" classname="york.eecs.RegressionTest0" time="0"/>
  <testcase name="test0123" classname="york.eecs.RegressionTest0" time="0.001"/>
  <testcase name="test0124" classname="york.eecs.RegressionTest0" time="0.001"/>
  <testcase name="test0125" classname="york.eecs.RegressionTest0" time="0.001"/>
  <testcase name="test0126" classname="york.eecs.RegressionTest0" time="0"/>
  <testcase name="test0127" classname="york.eecs.RegressionTest0" time="0"/>
  <testcase name="test0128" classname="york.eecs.RegressionTest0" time="0.003"/>
  <testcase name="test0129" classname="york.eecs.RegressionTest0" time="0.001"/>
  <testcase name="test0130" classname="york.eecs.RegressionTest0" time="0"/>
  <testcase name="test0131" classname="york.eecs.RegressionTest0" time="0"/>
  <testcase name="test0132" classname="york.eecs.RegressionTest0" time="0.001"/>
  <testcase name="test0133" classname="york.eecs.RegressionTest0" time="0"/>
  <testcase name="test0134" classname="york.eecs.RegressionTest0" time="0.001"/>
  <testcase name="test0135" classname="york.eecs.RegressionTest0" time="0"/>
  <testcase name="test0136" classname="york.eecs.RegressionTest0" time="0"/>
  <testcase name="test0137" classname="york.eecs.RegressionTest0" time="0.001"/>
  <testcase name="test0138" classname="york.eecs.RegressionTest0" time="0"/>
  <testcase name="test0139" classname="york.eecs.RegressionTest0" time="0"/>
  <testcase name="test0140" classname="york.eecs.RegressionTest0" time="0.001"/>
  <testcase name="test0141" classname="york.eecs.RegressionTest0" time="0"/>
  <testcase name="test0142" classname="york.eecs.RegressionTest0" time="0"/>
  <testcase name="test0143" classname="york.eecs.RegressionTest0" time="0"/>
  <testcase name="test0144" classname="york.eecs.RegressionTest0" time="0"/>
  <testcase name="test0145" classname="york.eecs.RegressionTest0" time="0.001"/>
  <testcase name="test0146" classname="york.eecs.RegressionTest0" time="0"/>
  <testcase name="test0147" classname="york.eecs.RegressionTest0" time="0.001"/>
  <testcase name="test0148" classname="york.eecs.RegressionTest0" time="0.001"/>
  <testcase name="test0149" classname="york.eecs.RegressionTest0" time="0.001"/>
  <testcase name="test0150" classname="york.eecs.RegressionTest0" time="0"/>
  <testcase name="test0151" classname="york.eecs.RegressionTest0" time="0"/>
  <testcase name="test0152" classname="york.eecs.RegressionTest0" time="0.002"/>
  <testcase name="test0153" classname="york.eecs.RegressionTest0" time="0"/>
  <testcase name="test0154" classname="york.eecs.RegressionTest0" time="0"/>
  <testcase name="test0155" classname="york.eecs.RegressionTest0" time="0.001"/>
  <testcase name="test0156" classname="york.eecs.RegressionTest0" time="0"/>
  <testcase name="test0157" classname="york.eecs.RegressionTest0" time="0.001"/>
  <testcase name="test0158" classname="york.eecs.RegressionTest0" time="0"/>
  <testcase name="test0159" classname="york.eecs.RegressionTest0" time="0"/>
  <testcase name="test0160" classname="york.eecs.RegressionTest0" time="0"/>
  <testcase name="test0161" classname="york.eecs.RegressionTest0" time="0.001"/>
  <testcase name="test0162" classname="york.eecs.RegressionTest0" time="0"/>
  <testcase name="test0163" classname="york.eecs.RegressionTest0" time="0.002"/>
  <testcase name="test0164" classname="york.eecs.RegressionTest0" time="0.001"/>
  <testcase name="test0165" classname="york.eecs.RegressionTest0" time="0.001"/>
  <testcase name="test0166" classname="york.eecs.RegressionTest0" time="0"/>
  <testcase name="test0167" classname="york.eecs.RegressionTest0" time="0.001"/>
  <testcase name="test0168" classname="york.eecs.RegressionTest0" time="0.001"/>
  <testcase name="test0169" classname="york.eecs.RegressionTest0" time="0"/>
  <testcase name="test0170" classname="york.eecs.RegressionTest0" time="0"/>
  <testcase name="test0171" classname="york.eecs.RegressionTest0" time="0"/>
  <testcase name="test0172" classname="york.eecs.RegressionTest0" time="0"/>
  <testcase name="test0173" classname="york.eecs.RegressionTest0" time="0.001"/>
  <testcase name="test0174" classname="york.eecs.RegressionTest0" time="0"/>
  <testcase name="test0175" classname="york.eecs.RegressionTest0" time="0.001"/>
  <testcase name="test0176" classname="york.eecs.RegressionTest0" time="0"/>
  <testcase name="test0177" classname="york.eecs.RegressionTest0" time="0"/>
  <testcase name="test0178" classname="york.eecs.RegressionTest0" time="0"/>
  <testcase name="test0179" classname="york.eecs.RegressionTest0" time="0.001"/>
  <testcase name="test0180" classname="york.eecs.RegressionTest0" time="0.001"/>
  <testcase name="test0181" classname="york.eecs.RegressionTest0" time="0.001"/>
  <testcase name="test0182" classname="york.eecs.RegressionTest0" time="0"/>
  <testcase name="test0183" classname="york.eecs.RegressionTest0" time="0"/>
  <testcase name="test0184" classname="york.eecs.RegressionTest0" time="0.001"/>
  <testcase name="test0185" classname="york.eecs.RegressionTest0" time="0.001"/>
  <testcase name="test0186" classname="york.eecs.RegressionTest0" time="0"/>
  <testcase name="test0187" classname="york.eecs.RegressionTest0" time="0"/>
  <testcase name="test0188" classname="york.eecs.RegressionTest0" time="0"/>
  <testcase name="test0189" classname="york.eecs.RegressionTest0" time="0"/>
  <testcase name="test0190" classname="york.eecs.RegressionTest0" time="0.001"/>
  <testcase name="test0191" classname="york.eecs.RegressionTest0" time="0.001"/>
  <testcase name="test0192" classname="york.eecs.RegressionTest0" time="0.001"/>
  <testcase name="test0193" classname="york.eecs.RegressionTest0" time="0"/>
  <testcase name="test0194" classname="york.eecs.RegressionTest0" time="0"/>
  <testcase name="test0195" classname="york.eecs.RegressionTest0" time="0"/>
  <testcase name="test0196" classname="york.eecs.RegressionTest0" time="0"/>
  <testcase name="test0197" classname="york.eecs.RegressionTest0" time="0"/>
  <testcase name="test0198" classname="york.eecs.RegressionTest0" time="0"/>
  <testcase name="test0199" classname="york.eecs.RegressionTest0" time="0.001"/>
  <testcase name="test0200" classname="york.eecs.RegressionTest0" time="0"/>
  <testcase name="test0201" classname="york.eecs.RegressionTest0" time="0.001"/>
  <testcase name="test0202" classname="york.eecs.RegressionTest0" time="0"/>
  <testcase name="test0203" classname="york.eecs.RegressionTest0" time="0.001"/>
  <testcase name="test0204" classname="york.eecs.RegressionTest0" time="0"/>
  <testcase name="test0205" classname="york.eecs.RegressionTest0" time="0.001"/>
  <testcase name="test0206" classname="york.eecs.RegressionTest0" time="0"/>
  <testcase name="test0207" classname="york.eecs.RegressionTest0" time="0"/>
  <testcase name="test0208" classname="york.eecs.RegressionTest0" time="0.001"/>
  <testcase name="test0209" classname="york.eecs.RegressionTest0" time="0"/>
  <testcase name="test0210" classname="york.eecs.RegressionTest0" time="0.001"/>
  <testcase name="test0211" classname="york.eecs.RegressionTest0" time="0"/>
  <testcase name="test0212" classname="york.eecs.RegressionTest0" time="0.001"/>
  <testcase name="test0213" classname="york.eecs.RegressionTest0" time="0"/>
  <testcase name="test0214" classname="york.eecs.RegressionTest0" time="0.001"/>
  <testcase name="test0215" classname="york.eecs.RegressionTest0" time="0"/>
  <testcase name="test0216" classname="york.eecs.RegressionTest0" time="0"/>
  <testcase name="test0217" classname="york.eecs.RegressionTest0" time="0.001"/>
  <testcase name="test0218" classname="york.eecs.RegressionTest0" time="0"/>
  <testcase name="test0219" classname="york.eecs.RegressionTest0" time="0.001"/>
  <testcase name="test0220" classname="york.eecs.RegressionTest0" time="0"/>
  <testcase name="test0221" classname="york.eecs.RegressionTest0" time="0.001"/>
  <testcase name="test0222" classname="york.eecs.RegressionTest0" time="0"/>
  <testcase name="test0223" classname="york.eecs.RegressionTest0" time="0.001"/>
  <testcase name="test0224" classname="york.eecs.RegressionTest0" time="0"/>
  <testcase name="test0225" classname="york.eecs.RegressionTest0" time="0.001"/>
  <testcase name="test0226" classname="york.eecs.RegressionTest0" time="0"/>
  <testcase name="test0227" classname="york.eecs.RegressionTest0" time="0"/>
  <testcase name="test0228" classname="york.eecs.RegressionTest0" time="0.001"/>
  <testcase name="test0229" classname="york.eecs.RegressionTest0" time="0"/>
  <testcase name="test0230" classname="york.eecs.RegressionTest0" time="0.001"/>
  <testcase name="test0231" classname="york.eecs.RegressionTest0" time="0"/>
  <testcase name="test0232" classname="york.eecs.RegressionTest0" time="0.001"/>
  <testcase name="test0233" classname="york.eecs.RegressionTest0" time="0"/>
  <testcase name="test0234" classname="york.eecs.RegressionTest0" time="0"/>
  <testcase name="test0235" classname="york.eecs.RegressionTest0" time="0"/>
  <testcase name="test0236" classname="york.eecs.RegressionTest0" time="0"/>
  <testcase name="test0237" classname="york.eecs.RegressionTest0" time="0"/>
  <testcase name="test0238" classname="york.eecs.RegressionTest0" time="0.001"/>
  <testcase name="test0239" classname="york.eecs.RegressionTest0" time="0"/>
  <testcase name="test0240" classname="york.eecs.RegressionTest0" time="0"/>
  <testcase name="test0241" classname="york.eecs.RegressionTest0" time="0"/>
  <testcase name="test0242" classname="york.eecs.RegressionTest0" time="0"/>
  <testcase name="test0243" classname="york.eecs.RegressionTest0" time="0.001"/>
  <testcase name="test0244" classname="york.eecs.RegressionTest0" time="0"/>
  <testcase name="test0245" classname="york.eecs.RegressionTest0" time="0.002"/>
  <testcase name="test0246" classname="york.eecs.RegressionTest0" time="0.001"/>
  <testcase name="test0247" classname="york.eecs.RegressionTest0" time="0"/>
  <testcase name="test0248" classname="york.eecs.RegressionTest0" time="0"/>
  <testcase name="test0249" classname="york.eecs.RegressionTest0" time="0"/>
  <testcase name="test0250" classname="york.eecs.RegressionTest0" time="0"/>
  <testcase name="test0251" classname="york.eecs.RegressionTest0" time="0.001"/>
  <testcase name="test0252" classname="york.eecs.RegressionTest0" time="0.001"/>
  <testcase name="test0253" classname="york.eecs.RegressionTest0" time="0.001"/>
  <testcase name="test0254" classname="york.eecs.RegressionTest0" time="0.001"/>
  <testcase name="test0255" classname="york.eecs.RegressionTest0" time="0.001"/>
  <testcase name="test0256" classname="york.eecs.RegressionTest0" time="0"/>
  <testcase name="test0257" classname="york.eecs.RegressionTest0" time="0"/>
  <testcase name="test0258" classname="york.eecs.RegressionTest0" time="0.001"/>
  <testcase name="test0259" classname="york.eecs.RegressionTest0" time="0"/>
  <testcase name="test0260" classname="york.eecs.RegressionTest0" time="0"/>
  <testcase name="test0261" classname="york.eecs.RegressionTest0" time="0.001"/>
  <testcase name="test0262" classname="york.eecs.RegressionTest0" time="0.001"/>
  <testcase name="test0263" classname="york.eecs.RegressionTest0" time="0"/>
  <testcase name="test0264" classname="york.eecs.RegressionTest0" time="0"/>
  <testcase name="test0265" classname="york.eecs.RegressionTest0" time="0"/>
  <testcase name="test0266" classname="york.eecs.RegressionTest0" time="0.001"/>
  <testcase name="test0267" classname="york.eecs.RegressionTest0" time="0"/>
  <testcase name="test0268" classname="york.eecs.RegressionTest0" time="0"/>
  <testcase name="test0269" classname="york.eecs.RegressionTest0" time="0"/>
  <testcase name="test0270" classname="york.eecs.RegressionTest0" time="0"/>
  <testcase name="test0271" classname="york.eecs.RegressionTest0" time="0"/>
  <testcase name="test0272" classname="york.eecs.RegressionTest0" time="0"/>
  <testcase name="test0273" classname="york.eecs.RegressionTest0" time="0"/>
  <testcase name="test0274" classname="york.eecs.RegressionTest0" time="0.001"/>
  <testcase name="test0275" classname="york.eecs.RegressionTest0" time="0.001"/>
  <testcase name="test0276" classname="york.eecs.RegressionTest0" time="0.001"/>
  <testcase name="test0277" classname="york.eecs.RegressionTest0" time="0"/>
  <testcase name="test0278" classname="york.eecs.RegressionTest0" time="0"/>
  <testcase name="test0279" classname="york.eecs.RegressionTest0" time="0"/>
  <testcase name="test0280" classname="york.eecs.RegressionTest0" time="0"/>
  <testcase name="test0281" classname="york.eecs.RegressionTest0" time="0"/>
  <testcase name="test0282" classname="york.eecs.RegressionTest0" time="0"/>
  <testcase name="test0283" classname="york.eecs.RegressionTest0" time="0.001"/>
  <testcase name="test0284" classname="york.eecs.RegressionTest0" time="0.001"/>
  <testcase name="test0285" classname="york.eecs.RegressionTest0" time="0.001"/>
  <testcase name="test0286" classname="york.eecs.RegressionTest0" time="0.001"/>
  <testcase name="test0287" classname="york.eecs.RegressionTest0" time="0.001"/>
  <testcase name="test0288" classname="york.eecs.RegressionTest0" time="0.001"/>
  <testcase name="test0289" classname="york.eecs.RegressionTest0" time="0"/>
  <testcase name="test0290" classname="york.eecs.RegressionTest0" time="0"/>
  <testcase name="test0291" classname="york.eecs.RegressionTest0" time="0"/>
  <testcase name="test0292" classname="york.eecs.RegressionTest0" time="0.001"/>
  <testcase name="test0293" classname="york.eecs.RegressionTest0" time="0"/>
  <testcase name="test0294" classname="york.eecs.RegressionTest0" time="0"/>
  <testcase name="test0295" classname="york.eecs.RegressionTest0" time="0.001"/>
  <testcase name="test0296" classname="york.eecs.RegressionTest0" time="0.001"/>
  <testcase name="test0297" classname="york.eecs.RegressionTest0" time="0.001"/>
  <testcase name="test0298" classname="york.eecs.RegressionTest0" time="0.001"/>
  <testcase name="test0299" classname="york.eecs.RegressionTest0" time="0.001"/>
  <testcase name="test0300" classname="york.eecs.RegressionTest0" time="0.001"/>
  <testcase name="test0301" classname="york.eecs.RegressionTest0" time="0.002"/>
  <testcase name="test0302" classname="york.eecs.RegressionTest0" time="0.001"/>
  <testcase name="test0303" classname="york.eecs.RegressionTest0" time="0.001"/>
  <testcase name="test0304" classname="york.eecs.RegressionTest0" time="0.001"/>
  <testcase name="test0305" classname="york.eecs.RegressionTest0" time="0.001"/>
  <testcase name="test0306" classname="york.eecs.RegressionTest0" time="0"/>
  <testcase name="test0307" classname="york.eecs.RegressionTest0" time="0.001"/>
  <testcase name="test0308" classname="york.eecs.RegressionTest0" time="0.001"/>
  <testcase name="test0309" classname="york.eecs.RegressionTest0" time="0.001"/>
  <testcase name="test0310" classname="york.eecs.RegressionTest0" time="0.001"/>
  <testcase name="test0311" classname="york.eecs.RegressionTest0" time="0.001"/>
  <testcase name="test0312" classname="york.eecs.RegressionTest0" time="0"/>
  <testcase name="test0313" classname="york.eecs.RegressionTest0" time="0"/>
  <testcase name="test0314" classname="york.eecs.RegressionTest0" time="0.001"/>
  <testcase name="test0315" classname="york.eecs.RegressionTest0" time="0.001"/>
  <testcase name="test0316" classname="york.eecs.RegressionTest0" time="0"/>
  <testcase name="test0317" classname="york.eecs.RegressionTest0" time="0"/>
  <testcase name="test0318" classname="york.eecs.RegressionTest0" time="0.001"/>
  <testcase name="test0319" classname="york.eecs.RegressionTest0" time="0.001"/>
  <testcase name="test0320" classname="york.eecs.RegressionTest0" time="0.001"/>
  <testcase name="test0321" classname="york.eecs.RegressionTest0" time="0"/>
  <testcase name="test0322" classname="york.eecs.RegressionTest0" time="0.001"/>
  <testcase name="test0323" classname="york.eecs.RegressionTest0" time="0.001"/>
  <testcase name="test0324" classname="york.eecs.RegressionTest0" time="0.001"/>
  <testcase name="test0325" classname="york.eecs.RegressionTest0" time="0.001"/>
  <testcase name="test0326" classname="york.eecs.RegressionTest0" time="0"/>
  <testcase name="test0327" classname="york.eecs.RegressionTest0" time="0"/>
  <testcase name="test0328" classname="york.eecs.RegressionTest0" time="0.001"/>
  <testcase name="test0329" classname="york.eecs.RegressionTest0" time="0.001"/>
  <testcase name="test0330" classname="york.eecs.RegressionTest0" time="0"/>
  <testcase name="test0331" classname="york.eecs.RegressionTest0" time="0"/>
  <testcase name="test0332" classname="york.eecs.RegressionTest0" time="0.001"/>
  <testcase name="test0333" classname="york.eecs.RegressionTest0" time="0.001"/>
  <testcase name="test0334" classname="york.eecs.RegressionTest0" time="0"/>
  <testcase name="test0335" classname="york.eecs.RegressionTest0" time="0"/>
  <testcase name="test0336" classname="york.eecs.RegressionTest0" time="0.001"/>
  <testcase name="test0337" classname="york.eecs.RegressionTest0" time="0"/>
  <testcase name="test0338" classname="york.eecs.RegressionTest0" time="0"/>
  <testcase name="test0339" classname="york.eecs.RegressionTest0" time="0.001"/>
  <testcase name="test0340" classname="york.eecs.RegressionTest0" time="0"/>
  <testcase name="test0341" classname="york.eecs.RegressionTest0" time="0"/>
  <testcase name="test0342" classname="york.eecs.RegressionTest0" time="0"/>
  <testcase name="test0343" classname="york.eecs.RegressionTest0" time="0"/>
  <testcase name="test0344" classname="york.eecs.RegressionTest0" time="0.001"/>
  <testcase name="test0345" classname="york.eecs.RegressionTest0" time="0"/>
  <testcase name="test0346" classname="york.eecs.RegressionTest0" time="0.001"/>
  <testcase name="test0347" classname="york.eecs.RegressionTest0" time="0"/>
  <testcase name="test0348" classname="york.eecs.RegressionTest0" time="0"/>
  <testcase name="test0349" classname="york.eecs.RegressionTest0" time="0.001"/>
  <testcase name="test0350" classname="york.eecs.RegressionTest0" time="0"/>
  <testcase name="test0351" classname="york.eecs.RegressionTest0" time="0.001"/>
  <testcase name="test0352" classname="york.eecs.RegressionTest0" time="0"/>
  <testcase name="test0353" classname="york.eecs.RegressionTest0" time="0.001"/>
  <testcase name="test0354" classname="york.eecs.RegressionTest0" time="0"/>
  <testcase name="test0355" classname="york.eecs.RegressionTest0" time="0"/>
  <testcase name="test0356" classname="york.eecs.RegressionTest0" time="0"/>
  <testcase name="test0357" classname="york.eecs.RegressionTest0" time="0"/>
  <testcase name="test0358" classname="york.eecs.RegressionTest0" time="0.001"/>
  <testcase name="test0359" classname="york.eecs.RegressionTest0" time="0"/>
  <testcase name="test0360" classname="york.eecs.RegressionTest0" time="0"/>
  <testcase name="test0361" classname="york.eecs.RegressionTest0" time="0"/>
  <testcase name="test0362" classname="york.eecs.RegressionTest0" time="0"/>
  <testcase name="test0363" classname="york.eecs.RegressionTest0" time="0.001"/>
  <testcase name="test0364" classname="york.eecs.RegressionTest0" time="0"/>
  <testcase name="test0365" classname="york.eecs.RegressionTest0" time="0"/>
  <testcase name="test0366" classname="york.eecs.RegressionTest0" time="0"/>
  <testcase name="test0367" classname="york.eecs.RegressionTest0" time="0"/>
  <testcase name="test0368" classname="york.eecs.RegressionTest0" time="0.001"/>
  <testcase name="test0369" classname="york.eecs.RegressionTest0" time="0"/>
  <testcase name="test0370" classname="york.eecs.RegressionTest0" time="0.001"/>
  <testcase name="test0371" classname="york.eecs.RegressionTest0" time="0"/>
  <testcase name="test0372" classname="york.eecs.RegressionTest0" time="0.002"/>
  <testcase name="test0373" classname="york.eecs.RegressionTest0" time="0"/>
  <testcase name="test0374" classname="york.eecs.RegressionTest0" time="0"/>
  <testcase name="test0375" classname="york.eecs.RegressionTest0" time="0"/>
  <testcase name="test0376" classname="york.eecs.RegressionTest0" time="0.001"/>
  <testcase name="test0377" classname="york.eecs.RegressionTest0" time="0.001"/>
  <testcase name="test0378" classname="york.eecs.RegressionTest0" time="0"/>
  <testcase name="test0379" classname="york.eecs.RegressionTest0" time="0"/>
  <testcase name="test0380" classname="york.eecs.RegressionTest0" time="0"/>
  <testcase name="test0381" classname="york.eecs.RegressionTest0" time="0.001"/>
  <testcase name="test0382" classname="york.eecs.RegressionTest0" time="0"/>
  <testcase name="test0383" classname="york.eecs.RegressionTest0" time="0"/>
  <testcase name="test0384" classname="york.eecs.RegressionTest0" time="0.001"/>
  <testcase name="test0385" classname="york.eecs.RegressionTest0" time="0.001"/>
  <testcase name="test0386" classname="york.eecs.RegressionTest0" time="0"/>
  <testcase name="test0387" classname="york.eecs.RegressionTest0" time="0.001"/>
  <testcase name="test0388" classname="york.eecs.RegressionTest0" time="0"/>
  <testcase name="test0389" classname="york.eecs.RegressionTest0" time="0"/>
  <testcase name="test0390" classname="york.eecs.RegressionTest0" time="0"/>
  <testcase name="test0391" classname="york.eecs.RegressionTest0" time="0"/>
  <testcase name="test0392" classname="york.eecs.RegressionTest0" time="0"/>
  <testcase name="test0393" classname="york.eecs.RegressionTest0" time="0"/>
  <testcase name="test0394" classname="york.eecs.RegressionTest0" time="0"/>
  <testcase name="test0395" classname="york.eecs.RegressionTest0" time="0"/>
  <testcase name="test0396" classname="york.eecs.RegressionTest0" time="0"/>
  <testcase name="test0397" classname="york.eecs.RegressionTest0" time="0"/>
  <testcase name="test0398" classname="york.eecs.RegressionTest0" time="0"/>
  <testcase name="test0399" classname="york.eecs.RegressionTest0" time="0"/>
  <testcase name="test0400" classname="york.eecs.RegressionTest0" time="0.001"/>
  <testcase name="test0401" classname="york.eecs.RegressionTest0" time="0.001"/>
  <testcase name="test0402" classname="york.eecs.RegressionTest0" time="0.001"/>
  <testcase name="test0403" classname="york.eecs.RegressionTest0" time="0.001"/>
  <testcase name="test0404" classname="york.eecs.RegressionTest0" time="0.001"/>
  <testcase name="test0405" classname="york.eecs.RegressionTest0" time="0"/>
  <testcase name="test0406" classname="york.eecs.RegressionTest0" time="0"/>
  <testcase name="test0407" classname="york.eecs.RegressionTest0" time="0.001"/>
  <testcase name="test0408" classname="york.eecs.RegressionTest0" time="0.001"/>
  <testcase name="test0409" classname="york.eecs.RegressionTest0" time="0"/>
  <testcase name="test0410" classname="york.eecs.RegressionTest0" time="0"/>
  <testcase name="test0411" classname="york.eecs.RegressionTest0" time="0.001"/>
  <testcase name="test0412" classname="york.eecs.RegressionTest0" time="0.001"/>
  <testcase name="test0413" classname="york.eecs.RegressionTest0" time="0"/>
  <testcase name="test0414" classname="york.eecs.RegressionTest0" time="0"/>
  <testcase name="test0415" classname="york.eecs.RegressionTest0" time="0.001"/>
  <testcase name="test0416" classname="york.eecs.RegressionTest0" time="0.001"/>
  <testcase name="test0417" classname="york.eecs.RegressionTest0" time="0"/>
  <testcase name="test0418" classname="york.eecs.RegressionTest0" time="0"/>
  <testcase name="test0419" classname="york.eecs.RegressionTest0" time="0"/>
  <testcase name="test0420" classname="york.eecs.RegressionTest0" time="0.001"/>
  <testcase name="test0421" classname="york.eecs.RegressionTest0" time="0.001"/>
  <testcase name="test0422" classname="york.eecs.RegressionTest0" time="0"/>
  <testcase name="test0423" classname="york.eecs.RegressionTest0" time="0"/>
  <testcase name="test0424" classname="york.eecs.RegressionTest0" time="0.001"/>
  <testcase name="test0425" classname="york.eecs.RegressionTest0" time="0"/>
  <testcase name="test0426" classname="york.eecs.RegressionTest0" time="0"/>
  <testcase name="test0427" classname="york.eecs.RegressionTest0" time="0"/>
  <testcase name="test0428" classname="york.eecs.RegressionTest0" time="0"/>
  <testcase name="test0429" classname="york.eecs.RegressionTest0" time="0.001"/>
  <testcase name="test0430" classname="york.eecs.RegressionTest0" time="0.001"/>
  <testcase name="test0431" classname="york.eecs.RegressionTest0" time="0.001"/>
  <testcase name="test0432" classname="york.eecs.RegressionTest0" time="0.001"/>
  <testcase name="test0433" classname="york.eecs.RegressionTest0" time="0"/>
  <testcase name="test0434" classname="york.eecs.RegressionTest0" time="0"/>
  <testcase name="test0435" classname="york.eecs.RegressionTest0" time="0"/>
  <testcase name="test0436" classname="york.eecs.RegressionTest0" time="0"/>
  <testcase name="test0437" classname="york.eecs.RegressionTest0" time="0"/>
  <testcase name="test0438" classname="york.eecs.RegressionTest0" time="0.001"/>
  <testcase name="test0439" classname="york.eecs.RegressionTest0" time="0.001"/>
  <testcase name="test0440" classname="york.eecs.RegressionTest0" time="0.001"/>
  <testcase name="test0441" classname="york.eecs.RegressionTest0" time="0.001"/>
  <testcase name="test0442" classname="york.eecs.RegressionTest0" time="0"/>
  <testcase name="test0443" classname="york.eecs.RegressionTest0" time="0"/>
  <testcase name="test0444" classname="york.eecs.RegressionTest0" time="0.001"/>
  <testcase name="test0445" classname="york.eecs.RegressionTest0" time="0.001"/>
  <testcase name="test0446" classname="york.eecs.RegressionTest0" time="0.001"/>
  <testcase name="test0447" classname="york.eecs.RegressionTest0" time="0"/>
  <testcase name="test0448" classname="york.eecs.RegressionTest0" time="0.001"/>
  <testcase name="test0449" classname="york.eecs.RegressionTest0" time="0.001"/>
  <testcase name="test0450" classname="york.eecs.RegressionTest0" time="0"/>
  <testcase name="test0451" classname="york.eecs.RegressionTest0" time="0"/>
  <testcase name="test0452" classname="york.eecs.RegressionTest0" time="0.002"/>
  <testcase name="test0453" classname="york.eecs.RegressionTest0" time="0.001"/>
  <testcase name="test0454" classname="york.eecs.RegressionTest0" time="0.001"/>
  <testcase name="test0455" classname="york.eecs.RegressionTest0" time="0"/>
  <testcase name="test0456" classname="york.eecs.RegressionTest0" time="0.001"/>
  <testcase name="test0457" classname="york.eecs.RegressionTest0" time="0.001"/>
  <testcase name="test0458" classname="york.eecs.RegressionTest0" time="0.001"/>
  <testcase name="test0459" classname="york.eecs.RegressionTest0" time="0"/>
  <testcase name="test0460" classname="york.eecs.RegressionTest0" time="0"/>
  <testcase name="test0461" classname="york.eecs.RegressionTest0" time="0.001"/>
  <testcase name="test0462" classname="york.eecs.RegressionTest0" time="0.001"/>
  <testcase name="test0463" classname="york.eecs.RegressionTest0" time="0.001"/>
  <testcase name="test0464" classname="york.eecs.RegressionTest0" time="0"/>
  <testcase name="test0465" classname="york.eecs.RegressionTest0" time="0.002"/>
  <testcase name="test0466" classname="york.eecs.RegressionTest0" time="0.001"/>
  <testcase name="test0467" classname="york.eecs.RegressionTest0" time="0.001"/>
  <testcase name="test0468" classname="york.eecs.RegressionTest0" time="0.001"/>
  <testcase name="test0469" classname="york.eecs.RegressionTest0" time="0.001"/>
  <testcase name="test0470" classname="york.eecs.RegressionTest0" time="0"/>
  <testcase name="test0471" classname="york.eecs.RegressionTest0" time="0"/>
  <testcase name="test0472" classname="york.eecs.RegressionTest0" time="0"/>
  <testcase name="test0473" classname="york.eecs.RegressionTest0" time="0.001"/>
  <testcase name="test0474" classname="york.eecs.RegressionTest0" time="0.001"/>
  <testcase name="test0475" classname="york.eecs.RegressionTest0" time="0"/>
  <testcase name="test0476" classname="york.eecs.RegressionTest0" time="0"/>
  <testcase name="test0477" classname="york.eecs.RegressionTest0" time="0"/>
  <testcase name="test0478" classname="york.eecs.RegressionTest0" time="0.001"/>
  <testcase name="test0479" classname="york.eecs.RegressionTest0" time="0.001"/>
  <testcase name="test0480" classname="york.eecs.RegressionTest0" time="0"/>
  <testcase name="test0481" classname="york.eecs.RegressionTest0" time="0.001"/>
  <testcase name="test0482" classname="york.eecs.RegressionTest0" time="0.001"/>
  <testcase name="test0483" classname="york.eecs.RegressionTest0" time="0.001"/>
  <testcase name="test0484" classname="york.eecs.RegressionTest0" time="0"/>
  <testcase name="test0485" classname="york.eecs.RegressionTest0" time="0"/>
  <testcase name="test0486" classname="york.eecs.RegressionTest0" time="0"/>
  <testcase name="test0487" classname="york.eecs.RegressionTest0" time="0.001"/>
  <testcase name="test0488" classname="york.eecs.RegressionTest0" time="0.001"/>
  <testcase name="test0489" classname="york.eecs.RegressionTest0" time="0.001"/>
  <testcase name="test0490" classname="york.eecs.RegressionTest0" time="0.001"/>
  <testcase name="test0491" classname="york.eecs.RegressionTest0" time="0"/>
  <testcase name="test0492" classname="york.eecs.RegressionTest0" time="0.001"/>
  <testcase name="test0493" classname="york.eecs.RegressionTest0" time="0.001"/>
  <testcase name="test0494" classname="york.eecs.RegressionTest0" time="0"/>
  <testcase name="test0495" classname="york.eecs.RegressionTest0" time="0"/>
  <testcase name="test0496" classname="york.eecs.RegressionTest0" time="0"/>
  <testcase name="test0497" classname="york.eecs.RegressionTest0" time="0.001"/>
  <testcase name="test0498" classname="york.eecs.RegressionTest0" time="0.001"/>
  <testcase name="test0499" classname="york.eecs.RegressionTest0" time="0"/>
  <testcase name="test0500" classname="york.eecs.RegressionTest0" time="0"/>
</testsuite>