<?xml version="1.0" encoding="UTF-8"?>
<testsuite xmlns:xsi="http://www.w3.org/2001/XMLSchema-instance" xsi:noNamespaceSchemaLocation="https://maven.apache.org/surefire/maven-surefire-plugin/xsd/surefire-test-report-3.0.xsd" version="3.0" name="york.eecs.ErrorTest0" time="0.087" tests="10" errors="10" skipped="0" failures="0">
  <properties>
    <property name="java.specification.version" value="21"/>
    <property name="sun.cpu.isalist" value="amd64"/>
    <property name="sun.jnu.encoding" value="Cp1252"/>
    <property name="java.class.path" value="C:\Users\alexa\Desktop\YorkUProject2\YorkUProject\target\test-classes;C:\Users\alexa\Desktop\YorkUProject2\YorkUProject\target\classes;C:\Users\alexa\.m2\repository\net\sourceforge\javacsv\javacsv\2.0\javacsv-2.0.jar;C:\Users\alexa\.m2\repository\org\junit\jupiter\junit-jupiter-api\5.7.2\junit-jupiter-api-5.7.2.jar;C:\Users\alexa\.m2\repository\org\apiguardian\apiguardian-api\1.1.0\apiguardian-api-1.1.0.jar;C:\Users\alexa\.m2\repository\org\opentest4j\opentest4j\1.2.0\opentest4j-1.2.0.jar;C:\Users\alexa\.m2\repository\org\junit\platform\junit-platform-commons\1.7.2\junit-platform-commons-1.7.2.jar;C:\Users\alexa\.m2\repository\org\junit\jupiter\junit-jupiter-engine\5.7.2\junit-jupiter-engine-5.7.2.jar;C:\Users\alexa\.m2\repository\org\junit\platform\junit-platform-engine\1.7.2\junit-platform-engine-1.7.2.jar;C:\Users\alexa\.m2\repository\org\junit\platform\junit-platform-console-standalone\1.7.2\junit-platform-console-standalone-1.7.2.jar;C:\Users\alexa\.m2\repository\junit\junit\4.13.2\junit-4.13.2.jar;C:\Users\alexa\.m2\repository\org\hamcrest\hamcrest-core\1.3\hamcrest-core-1.3.jar;"/>
    <property name="java.vm.vendor" value="Eclipse Adoptium"/>
    <property name="sun.arch.data.model" value="64"/>
    <property name="user.variant" value=""/>
    <property name="java.vendor.url" value="https://adoptium.net/"/>
    <property name="user.timezone" value="America/Toronto"/>
    <property name="os.name" value="Windows 11"/>
    <property name="java.vm.specification.version" value="21"/>
    <property name="sun.java.launcher" value="SUN_STANDARD"/>
    <property name="user.country" value="CA"/>
    <property name="sun.boot.library.path" value="C:\Program Files\Eclipse Adoptium\jdk-21.0.6.7-hotspot\bin"/>
    <property name="sun.java.command" value="C:\Users\alexa\AppData\Local\Temp\surefire14478391228562377233\surefirebooter2322343046832861887.jar C:\Users\alexa\AppData\Local\Temp\surefire14478391228562377233 2025-04-11T14-53-36_100-jvmRun1 surefire1153656659317026334tmp surefire_0658604632194538995tmp"/>
    <property name="jdk.debug" value="release"/>
    <property name="test" value="york.eecs.ErrorTest0"/>
    <property name="surefire.test.class.path" value="C:\Users\alexa\Desktop\YorkUProject2\YorkUProject\target\test-classes;C:\Users\alexa\Desktop\YorkUProject2\YorkUProject\target\classes;C:\Users\alexa\.m2\repository\net\sourceforge\javacsv\javacsv\2.0\javacsv-2.0.jar;C:\Users\alexa\.m2\repository\org\junit\jupiter\junit-jupiter-api\5.7.2\junit-jupiter-api-5.7.2.jar;C:\Users\alexa\.m2\repository\org\apiguardian\apiguardian-api\1.1.0\apiguardian-api-1.1.0.jar;C:\Users\alexa\.m2\repository\org\opentest4j\opentest4j\1.2.0\opentest4j-1.2.0.jar;C:\Users\alexa\.m2\repository\org\junit\platform\junit-platform-commons\1.7.2\junit-platform-commons-1.7.2.jar;C:\Users\alexa\.m2\repository\org\junit\jupiter\junit-jupiter-engine\5.7.2\junit-jupiter-engine-5.7.2.jar;C:\Users\alexa\.m2\repository\org\junit\platform\junit-platform-engine\1.7.2\junit-platform-engine-1.7.2.jar;C:\Users\alexa\.m2\repository\org\junit\platform\junit-platform-console-standalone\1.7.2\junit-platform-console-standalone-1.7.2.jar;C:\Users\alexa\.m2\repository\junit\junit\4.13.2\junit-4.13.2.jar;C:\Users\alexa\.m2\repository\org\hamcrest\hamcrest-core\1.3\hamcrest-core-1.3.jar;"/>
    <property name="sun.cpu.endian" value="little"/>
    <property name="user.home" value="C:\Users\alexa"/>
    <property name="user.language" value="en"/>
    <property name="java.specification.vendor" value="Oracle Corporation"/>
    <property name="java.version.date" value="2025-01-21"/>
    <property name="java.home" value="C:\Program Files\Eclipse Adoptium\jdk-21.0.6.7-hotspot"/>
    <property name="file.separator" value="\"/>
    <property name="basedir" value="C:\Users\alexa\Desktop\YorkUProject2\YorkUProject"/>
    <property name="java.vm.compressedOopsMode" value="Zero based"/>
    <property name="line.separator" value="&#10;"/>
    <property name="java.vm.specification.vendor" value="Oracle Corporation"/>
    <property name="java.specification.name" value="Java Platform API Specification"/>
    <property name="surefire.real.class.path" value="C:\Users\alexa\AppData\Local\Temp\surefire14478391228562377233\surefirebooter2322343046832861887.jar"/>
    <property name="user.script" value=""/>
    <property name="sun.management.compiler" value="HotSpot 64-Bit Tiered Compilers"/>
    <property name="java.runtime.version" value="21.0.6+7-LTS"/>
    <property name="user.name" value="Lupo"/>
    <property name="stdout.encoding" value="Cp1252"/>
    <property name="path.separator" value=";"/>
    <property name="os.version" value="10.0"/>
    <property name="java.runtime.name" value="OpenJDK Runtime Environment"/>
    <property name="file.encoding" value="UTF-8"/>
    <property name="java.vm.name" value="OpenJDK 64-Bit Server VM"/>
    <property name="java.vendor.version" value="Temurin-21.0.6+7"/>
    <property name="localRepository" value="C:\Users\alexa\.m2\repository"/>
    <property name="java.vendor.url.bug" value="https://github.com/adoptium/adoptium-support/issues"/>
    <property name="java.io.tmpdir" value="C:\Users\alexa\AppData\Local\Temp\"/>
    <property name="java.version" value="21.0.6"/>
    <property name="user.dir" value="C:\Users\alexa\Desktop\YorkUProject2\YorkUProject"/>
    <property name="os.arch" value="amd64"/>
    <property name="java.vm.specification.name" value="Java Virtual Machine Specification"/>
    <property name="sun.os.patch.level" value=""/>
    <property name="native.encoding" value="Cp1252"/>
    <property name="java.library.path" value="C:\Program Files\Eclipse Adoptium\jdk-21.0.6.7-hotspot\bin;C:\WINDOWS\Sun\Java\bin;C:\WINDOWS\system32;C:\WINDOWS;C:\Program Files\Eclipse Adoptium\jdk-21.0.6.7-hotspot\bin;C:\Program Files\Common Files\Oracle\Java\javapath;C:\Program Files (x86)\NVIDIA Corporation\PhysX\Common;C:\ProgramData\Oracle\Java\javapath;C:\WINDOWS\system32;C:\WINDOWS;C:\WINDOWS\System32\Wbem;C:\WINDOWS\System32\WindowsPowerShell\v1.0\;C:\WINDOWS\System32\OpenSSH\;C:\Program Files\Microsoft SQL Server\120\Tools\Binn\;C:\Program Files\MySQL\MySQL Server 8.0\bin;C:\Program Files\apache-maven-3.9.9\bin;C:\Users\alexa\AppData\Local\Programs\Python\Launcher\;C:\Program Files\MySQL\MySQL Shell 8.0\bin\;C:\Users\alexa\AppData\Local\Microsoft\WindowsApps;."/>
    <property name="java.vm.info" value="mixed mode, sharing"/>
    <property name="stderr.encoding" value="Cp1252"/>
    <property name="java.vendor" value="Eclipse Adoptium"/>
    <property name="java.vm.version" value="21.0.6+7-LTS"/>
    <property name="sun.io.unicode.encoding" value="UnicodeLittle"/>
    <property name="java.class.version" value="65.0"/>
  </properties>
  <testcase name="test01" classname="york.eecs.ErrorTest0" time="0.038">
    <error type="java.lang.NullPointerException"><![CDATA[java.lang.NullPointerException: Cannot invoke "observer.ParkingLot.getId()" because "this.parkingLot" is null
	at york.eecs.ErrorTest0.test01(ErrorTest0.java:29)
]]></error>
  </testcase>
  <testcase name="test02" classname="york.eecs.ErrorTest0" time="0.001">
    <error type="java.lang.NullPointerException"><![CDATA[java.lang.NullPointerException: Cannot invoke "observer.ParkingLot.getId()" because "this.parkingLot" is null
	at york.eecs.ErrorTest0.test02(ErrorTest0.java:40)
]]></error>
  </testcase>
  <testcase name="test03" classname="york.eecs.ErrorTest0" time="0.001">
    <error type="java.lang.NullPointerException"><![CDATA[java.lang.NullPointerException: Cannot invoke "observer.ParkingLot.getId()" because "this.parkingLot" is null
	at york.eecs.ErrorTest0.test03(ErrorTest0.java:51)
]]></error>
  </testcase>
  <testcase name="test04" classname="york.eecs.ErrorTest0" time="0.001">
    <error type="java.lang.NullPointerException"><![CDATA[java.lang.NullPointerException: Cannot invoke "observer.ParkingLot.getId()" because "this.parkingLot" is null
	at york.eecs.ErrorTest0.test04(ErrorTest0.java:68)
]]></error>
  </testcase>
  <testcase name="test05" classname="york.eecs.ErrorTest0" time="0.001">
    <error type="java.lang.NullPointerException"><![CDATA[java.lang.NullPointerException: Cannot invoke "observer.ParkingLot.getId()" because "this.parkingLot" is null
	at york.eecs.ErrorTest0.test05(ErrorTest0.java:81)
]]></error>
  </testcase>
  <testcase name="test06" classname="york.eecs.ErrorTest0" time="0.002">
    <error type="java.lang.NullPointerException"><![CDATA[java.lang.NullPointerException: Cannot invoke "observer.ParkingLot.getId()" because "this.parkingLot" is null
	at york.eecs.ErrorTest0.test06(ErrorTest0.java:92)
]]></error>
  </testcase>
  <testcase name="test07" classname="york.eecs.ErrorTest0" time="0.001">
    <error type="java.lang.NullPointerException"><![CDATA[java.lang.NullPointerException: Cannot invoke "observer.ParkingLot.getId()" because "this.parkingLot" is null
	at york.eecs.ErrorTest0.test07(ErrorTest0.java:105)
]]></error>
  </testcase>
  <testcase name="test08" classname="york.eecs.ErrorTest0" time="0">
    <error type="java.lang.NullPointerException"><![CDATA[java.lang.NullPointerException: Cannot invoke "observer.ParkingLot.getId()" because "this.parkingLot" is null
	at york.eecs.ErrorTest0.test08(ErrorTest0.java:119)
]]></error>
  </testcase>
  <testcase name="test09" classname="york.eecs.ErrorTest0" time="0.001">
    <error type="java.lang.NullPointerException"><![CDATA[java.lang.NullPointerException: Cannot invoke "observer.ParkingLot.getId()" because "this.parkingLot" is null
	at york.eecs.ErrorTest0.test09(ErrorTest0.java:131)
]]></error>
  </testcase>
  <testcase name="test10" classname="york.eecs.ErrorTest0" time="0.002">
    <error type="java.lang.NullPointerException"><![CDATA[java.lang.NullPointerException: Cannot invoke "observer.ParkingLot.getId()" because "this.parkingLot" is null
	at york.eecs.ErrorTest0.test10(ErrorTest0.java:144)
]]></error>
  </testcase>
</testsuite>